<?xml version="1.0" encoding="UTF-8"?>
<!-- Generated by org.testng.reporters.JUnitReportReporter -->
<testsuite skipped="0" hostname="PREM-A-L" name="scripts.Productsize" tests="1" failures="0" timestamp="03 Oct 2018 08:44:18 GMT" time="35.585" errors="0">
  <testcase name="test" time="35.585" classname="scripts.Productsize"/>
</testsuite> <!-- scripts.Productsize -->
