<?xml version="1.0" encoding="UTF-8"?>
<!-- Generated by org.testng.reporters.JUnitReportReporter -->
<testsuite skipped="0" hostname="PREM-A-L" name="scripts.Productcomparision" tests="1" failures="0" timestamp="03 Oct 2018 08:44:18 GMT" time="36.660" errors="0">
  <testcase name="test" time="36.660" classname="scripts.Productcomparision"/>
</testsuite> <!-- scripts.Productcomparision -->
