<?xml version="1.0" encoding="UTF-8"?>
<!-- Generated by org.testng.reporters.JUnitReportReporter -->
<testsuite skipped="0" hostname="PREM-A-L" name="scripts.TVstand" tests="1" failures="0" timestamp="03 Oct 2018 08:44:18 GMT" time="31.291" errors="0">
  <testcase name="test" time="31.291" classname="scripts.TVstand"/>
</testsuite> <!-- scripts.TVstand -->
