<?xml version="1.0" encoding="UTF-8"?>
<!-- Generated by org.testng.reporters.JUnitReportReporter -->
<testsuite skipped="0" hostname="PREM-A-L" name="scripts.Policy" tests="1" failures="0" timestamp="03 Oct 2018 08:44:18 GMT" time="35.084" errors="0">
  <testcase name="test" time="35.084" classname="scripts.Policy"/>
</testsuite> <!-- scripts.Policy -->
