<?xml version="1.0" encoding="UTF-8"?>
<!-- Generated by org.testng.reporters.JUnitReportReporter -->
<testsuite skipped="0" hostname="PREM-A-L" name="testNG.Swiggy" tests="1" failures="0" timestamp="03 Oct 2018 07:35:02 GMT" time="15.232" errors="0">
  <testcase name="perform" time="15.232" classname="testNG.Swiggy"/>
</testsuite> <!-- testNG.Swiggy -->
