<?xml version="1.0" encoding="UTF-8"?>
<!-- Generated by org.testng.reporters.JUnitReportReporter -->
<testsuite skipped="0" hostname="PREM-A-L" name="scripts.Twitter_follow" tests="1" failures="0" timestamp="03 Oct 2018 03:43:30 GMT" time="32.597" errors="0">
  <testcase name="Twitter_follow" time="32.597" classname="scripts.Twitter_follow"/>
</testsuite> <!-- scripts.Twitter_follow -->
