<?xml version="1.0" encoding="UTF-8"?>
<!-- Generated by org.testng.reporters.JUnitReportReporter -->
<testsuite skipped="0" hostname="PREM-A-L" name="scripts.Tweet" tests="1" failures="0" timestamp="03 Oct 2018 05:26:50 GMT" time="18.911" errors="0">
  <testcase name="Tweet" time="18.911" classname="scripts.Tweet"/>
</testsuite> <!-- scripts.Tweet -->
