<?xml version="1.0" encoding="UTF-8"?>
<!-- Generated by org.testng.reporters.JUnitReportReporter -->
<testsuite skipped="0" hostname="PREM-A-L" name="scripts.Message" tests="1" failures="0" timestamp="03 Oct 2018 05:20:43 GMT" time="40.680" errors="0">
  <testcase name="Message" time="40.680" classname="scripts.Message"/>
</testsuite> <!-- scripts.Message -->
